<?xml version="1.0" encoding="UTF-8"?>
<!-- Generated by org.testng.reporters.JUnitXMLReporter -->
<testsuite hostname="Sele89" ignored="0" name="Test" tests="5" failures="0" timestamp="2019-12-19T12:32:06 IST" time="37.039" errors="0">
  <testcase name="Smoke_suite" time="0.008" classname="com.mercury.tours.Smoke_test_suite"/>
  <testcase name="Sign_On_ValidCred" time="1.305" classname="com.mercury.tours.jquery_dragAndDrop"/>
  <testcase name="Sign_On" time="5.346" classname="com.mercury.tours.guru99_testData"/>
  <testcase name="Sign_On" time="5.347" classname="com.mercury.tours.guru99_testData"/>
  <testcase name="Sign_On_ValidCred" time="0.285" classname="com.mercury.tours.hdfc"/>
</testsuite> <!-- Test -->
