<?xml version="1.0" encoding="UTF-8"?>
<!-- Generated by org.testng.reporters.JUnitXMLReporter -->
<testsuite hostname="Sele89" ignored="0" name="Test2" tests="6" failures="0" timestamp="2019-12-19T12:14:58 IST" time="52.721" errors="0">
  <testcase name="Sign_On" time="13.278" classname="com.mercury.tours.Paramter_DataProvider_example_CrossBrowser"/>
  <testcase name="Sign_On" time="18.806" classname="com.mercury.tours.Paramter_DataProvider_example_CrossBrowser"/>
  <testcase name="Sign_On" time="19.918" classname="com.mercury.tours.Paramter_DataProvider_example_CrossBrowser"/>
  <testcase name="Sign_On" time="13.149" classname="com.mercury.tours.Paramter_DataProvider_example_CrossBrowser"/>
  <testcase name="Sign_On" time="24.251" classname="com.mercury.tours.Paramter_DataProvider_example_CrossBrowser"/>
  <testcase name="Sign_On" time="26.224" classname="com.mercury.tours.Paramter_DataProvider_example_CrossBrowser"/>
</testsuite> <!-- Test2 -->
