<?xml version="1.0" encoding="UTF-8"?>
<!-- Generated by org.testng.reporters.JUnitXMLReporter -->
<testsuite hostname="Sele89" ignored="0" name="Test1" tests="9" failures="0" timestamp="2019-12-19T12:44:04 IST" time="48.608" errors="0">
  <testcase name="Sign_On" time="17.771" classname="com.mercury.tours.Paramter_DataProvider_example_CrossBrowser"/>
  <testcase name="Sign_On" time="14.446" classname="com.mercury.tours.Paramter_DataProvider_example_CrossBrowser"/>
  <testcase name="Sign_On" time="16.686" classname="com.mercury.tours.Paramter_DataProvider_example_CrossBrowser"/>
  <testcase name="Sign_On" time="13.591" classname="com.mercury.tours.Paramter_DataProvider_example_CrossBrowser"/>
  <testcase name="Sign_On_ValidCred" time="0.176" classname="com.mercury.tours.hdfc"/>
  <testcase name="Sign_On" time="17.1" classname="com.mercury.tours.Paramter_DataProvider_example_CrossBrowser"/>
  <testcase name="Sign_On" time="16.688" classname="com.mercury.tours.Paramter_DataProvider_example_CrossBrowser"/>
  <testcase name="Smoke_suite" time="0.002" classname="com.mercury.tours.Smoke_test_suite"/>
  <testcase name="Sign_On_ValidCred" time="1.326" classname="com.mercury.tours.jquery_dragAndDrop"/>
</testsuite> <!-- Test1 -->
